<?xml version="1.0" encoding="UTF-8"?>
<!-- Generated by org.testng.reporters.JUnitReportReporter -->
<testsuite hostname="dmiteva" failures="0" tests="2" name="restAssuredBooks.TestSuiteDeleteOrder" time="2.782" errors="0" timestamp="2023-06-19T09:20:01 EEST" skipped="0">
  <testcase classname="restAssuredBooks.TestSuiteDeleteOrder" name="TC02DeleteOrderCheckInvalidOrderIdError404" time="0.688"/>
  <testcase classname="restAssuredBooks.TestSuiteDeleteOrder" name="TC01DeleteOrderCheckAvailability" time="2.094"/>
</testsuite> <!-- restAssuredBooks.TestSuiteDeleteOrder -->
