<?xml version="1.0" encoding="UTF-8"?>
<!-- Generated by org.testng.reporters.JUnitReportReporter -->
<testsuite hostname="dmiteva" failures="0" tests="1" name="playwrightTestingVia.TestSuiteLogin" time="1.849" errors="0" timestamp="2023-07-01T07:14:36 EEST" skipped="0">
  <testcase classname="playwrightTestingVia.TestSuiteLogin" name="shouldSearchWiki" time="1.849"/>
</testsuite> <!-- playwrightTestingVia.TestSuiteLogin -->
