<?xml version="1.0" encoding="UTF-8"?>
<!-- Generated by org.testng.reporters.JUnitReportReporter -->
<testsuite hostname="dmiteva" failures="0" tests="6" name="restAssuredBooks.TestSuitePostAccessToken" time="6.929" errors="0" timestamp="2023-06-18T16:53:57 EEST" skipped="0">
  <testcase classname="restAssuredBooks.TestSuitePostAccessToken" name="TC03PostAccessTokenCheckNoEmailError400" time="0.627"/>
  <testcase classname="restAssuredBooks.TestSuitePostAccessToken" name="TC05PostAccessTokenCheckWithSpecialCharsOk201" time="0.852"/>
  <testcase classname="restAssuredBooks.TestSuitePostAccessToken" name="TC04PostAccessTokenCheckInvalidEmailFormatError400" time="0.632"/>
  <testcase classname="restAssuredBooks.TestSuitePostAccessToken" name="TC06PostAccessTokenCheckClientExistsError409" time="1.894"/>
  <testcase classname="restAssuredBooks.TestSuitePostAccessToken" name="TC02PostAccessTokenCheckNoNameError400" time="0.628"/>
  <testcase classname="restAssuredBooks.TestSuitePostAccessToken" name="TC01PostAccessTokenOk201" time="2.296"/>
</testsuite> <!-- restAssuredBooks.TestSuitePostAccessToken -->
