<?xml version="1.0" encoding="UTF-8"?>
<!-- Generated by org.testng.reporters.JUnitReportReporter -->
<testsuite hostname="dmiteva" failures="0" tests="3" name="restAssuredBooks.TestSuite_GET_ALL_Books" time="3.433" errors="0" timestamp="2023-06-16T20:24:06 EEST" skipped="0">
  <testcase classname="restAssuredBooks.TestSuite_GET_ALL_Books" name="TC04_BODY" time="1.126"/>
  <testcase classname="restAssuredBooks.TestSuite_GET_ALL_Books" name="TC03_Headers" time="0.624"/>
  <testcase classname="restAssuredBooks.TestSuite_GET_ALL_Books" name="TC01_Status" time="1.683"/>
</testsuite> <!-- restAssuredBooks.TestSuite_GET_ALL_Books -->
