<?xml version="1.0" encoding="UTF-8"?>
<!-- Generated by org.testng.reporters.JUnitReportReporter -->
<testsuite hostname="dmiteva" failures="0" tests="1" name="ApiTestingVIA.TestSuitePostAddToCart" time="1.251" errors="0" timestamp="2023-06-28T17:16:01 EEST" skipped="0">
  <testcase classname="ApiTestingVIA.TestSuitePostAddToCart" name="TC01PostAddToCartResponseOk200" time="1.251"/>
</testsuite> <!-- ApiTestingVIA.TestSuitePostAddToCart -->
