<?xml version="1.0" encoding="UTF-8"?>
<!-- Generated by org.testng.reporters.JUnitReportReporter -->
<testsuite hostname="dmiteva" failures="0" tests="1" name="restAssuredBooks.TestSuiteManageOrder" time="1.441" errors="0" timestamp="2023-06-18T17:12:47 EEST" skipped="0">
  <testcase classname="restAssuredBooks.TestSuiteManageOrder" name="TC04DeleteOrderBySameToken" time="1.441"/>
</testsuite> <!-- restAssuredBooks.TestSuiteManageOrder -->
