<?xml version="1.0" encoding="UTF-8"?>
<!-- Generated by org.testng.reporters.JUnitReportReporter -->
<testsuite hostname="dmiteva" failures="0" tests="2" name="restAssuredBooks.TestSuiteGetSingleOrder" time="2.411" errors="0" timestamp="2023-06-18T17:13:12 EEST" skipped="0">
  <testcase classname="restAssuredBooks.TestSuiteGetSingleOrder" name="TC02GetSingleOrderCheckInvalidOrderIdError404" time="0.673"/>
  <testcase classname="restAssuredBooks.TestSuiteGetSingleOrder" name="TC01GetSingleOrderCheckBodyContent200" time="1.738"/>
</testsuite> <!-- restAssuredBooks.TestSuiteGetSingleOrder -->
