<?xml version="1.0" encoding="UTF-8"?>
<!-- Generated by org.testng.reporters.JUnitReportReporter -->
<testsuite hostname="dmiteva" failures="0" tests="4" name="ApiTestingVIA.TestSuiteDeleteItem" time="3.832" errors="0" timestamp="2023-06-30T15:15:46 EEST" skipped="0">
  <testcase classname="ApiTestingVIA.TestSuiteDeleteItem" name="TC01PostAddToCartResponseOk200" time="2.055"/>
  <testcase classname="ApiTestingVIA.TestSuiteDeleteItem" name="TC05PostViewCartResponseOk200" time="0.370"/>
  <testcase classname="ApiTestingVIA.TestSuiteDeleteItem" name="TC03PostViewCartResponseOk200" time="1.049"/>
  <testcase classname="ApiTestingVIA.TestSuiteDeleteItem" name="TC04PostDeleteItemCartResponseOk200" time="0.358"/>
</testsuite> <!-- ApiTestingVIA.TestSuiteDeleteItem -->
