<?xml version="1.0" encoding="UTF-8"?>
<!-- Generated by org.testng.reporters.JUnitReportReporter -->
<testsuite hostname="dmiteva" failures="0" tests="4" name="restAssuredBooks.TestSuiteGetSingleBook" time="4.090" errors="0" timestamp="2023-06-18T17:13:31 EEST" skipped="0">
  <testcase classname="restAssuredBooks.TestSuiteGetSingleBook" name="TC01GetSingleBookCheckHeaders200" time="1.559"/>
  <testcase classname="restAssuredBooks.TestSuiteGetSingleBook" name="TC02GetSingleBookCheckBodyContentBookId1200" time="1.172"/>
  <testcase classname="restAssuredBooks.TestSuiteGetSingleBook" name="TC03GetSingleBookCheckBodyContentBookId2200" time="0.661"/>
  <testcase classname="restAssuredBooks.TestSuiteGetSingleBook" name="TC04GetSingleBookCheckResponse404" time="0.698"/>
</testsuite> <!-- restAssuredBooks.TestSuiteGetSingleBook -->
