<?xml version="1.0" encoding="UTF-8"?>
<!-- Generated by org.testng.reporters.JUnitReportReporter -->
<testsuite hostname="dmiteva" failures="0" tests="1" name="ApiTestingVIA.TestSuiteViewCart" time="1.695" errors="0" timestamp="2023-06-28T17:47:59 EEST" skipped="0">
  <testcase classname="ApiTestingVIA.TestSuiteViewCart" name="TC02PostViewCartResponseError400" time="1.695"/>
</testsuite> <!-- ApiTestingVIA.TestSuiteViewCart -->
