<?xml version="1.0" encoding="UTF-8"?>
<!-- Generated by org.testng.reporters.JUnitReportReporter -->
<testsuite hostname="dmiteva" failures="0" tests="2" name="restAssuredBooks.TestSuiteSubmitOrder" time="1.537" errors="0" timestamp="2023-06-17T21:34:13 EEST" skipped="0">
  <testcase classname="restAssuredBooks.TestSuiteSubmitOrder" name="TC02SubmitOrderResponse400" time="0.789"/>
  <testcase classname="restAssuredBooks.TestSuiteSubmitOrder" name="TC01SubmitOrderResponse201" time="0.748"/>
</testsuite> <!-- restAssuredBooks.TestSuiteSubmitOrder -->
