<?xml version="1.0" encoding="UTF-8"?>
<!-- Generated by org.testng.reporters.JUnitReportReporter -->
<testsuite hostname="dmiteva" failures="0" tests="2" name="restAssuredBooks.Test01_GET_ALL_Books" time="2.207" errors="0" timestamp="2023-06-16T15:45:57 EEST" skipped="0">
  <testcase classname="restAssuredBooks.Test01_GET_ALL_Books" name="test02_GETBODY" time="0.630"/>
  <testcase classname="restAssuredBooks.Test01_GET_ALL_Books" name="test01_GET" time="1.577"/>
</testsuite> <!-- restAssuredBooks.Test01_GET_ALL_Books -->
