<?xml version="1.0" encoding="UTF-8"?>
<!-- Generated by org.testng.reporters.JUnitReportReporter -->
<testsuite hostname="dmiteva" failures="0" tests="3" name="restAssuredBooks.TestSuiteGetAllBooks" time="3.352" errors="0" timestamp="2023-06-18T20:10:06 EEST" skipped="0">
  <testcase classname="restAssuredBooks.TestSuiteGetAllBooks" name="TC03GetAllBooksCheckLimit200" time="0.625"/>
  <testcase classname="restAssuredBooks.TestSuiteGetAllBooks" name="TC01GetAllBooksCheckHeaders200" time="1.638"/>
  <testcase classname="restAssuredBooks.TestSuiteGetAllBooks" name="TC02GetAllBooksCheckBodyContent200" time="1.089"/>
</testsuite> <!-- restAssuredBooks.TestSuiteGetAllBooks -->
