<?xml version="1.0" encoding="UTF-8"?>
<!-- Generated by org.testng.reporters.JUnitReportReporter -->
<testsuite hostname="dmiteva" failures="0" tests="5" name="restAssuredBooks.TestSuiteGetAllOrders" time="13.359" errors="0" timestamp="2023-06-18T17:38:07 EEST" skipped="0">
  <testcase classname="restAssuredBooks.TestSuiteGetAllOrders" name="TC03GetAllOrdersCheckEmptyResponse200" time="1.583"/>
  <testcase classname="restAssuredBooks.TestSuiteGetAllOrders" name="TC04GetAllOrdersCheckInvalidBearerTokenError401" time="1.739"/>
  <testcase classname="restAssuredBooks.TestSuiteGetAllOrders" name="TC01GetAllOrdersCheckReturnedSameCustomerName200" time="5.160"/>
  <testcase classname="restAssuredBooks.TestSuiteGetAllOrders" name="TC02GetAllOrdersCheckReturnedSameBookId200" time="4.265"/>
  <testcase classname="restAssuredBooks.TestSuiteGetAllOrders" name="TC03GetAllOrdersCheckMissingAuthorizationError401" time="0.612"/>
</testsuite> <!-- restAssuredBooks.TestSuiteGetAllOrders -->
